C:\Users\lh178-03\Documents\AGK\IDE\templates\First - TRW's AGK\\Final\template.exe
C:\Users\lh178-03\Documents\AGK\IDE\templates\First - TRW's AGK\\Final\template.exe.intermediate.manifest
C:\Users\lh178-03\Documents\AGK\IDE\templates\First - TRW's AGK\Final\cl.command.1.tlog
C:\Users\lh178-03\Documents\AGK\IDE\templates\First - TRW's AGK\Final\CL.read.1.tlog
C:\Users\lh178-03\Documents\AGK\IDE\templates\First - TRW's AGK\Final\CL.write.1.tlog
C:\USERS\LH178-03\DOCUMENTS\AGK\IDE\TEMPLATES\FIRST - TRW'S AGK\FINAL\CORE.OBJ
C:\Users\lh178-03\Documents\AGK\IDE\templates\First - TRW's AGK\Final\link.command.1.tlog
C:\Users\lh178-03\Documents\AGK\IDE\templates\First - TRW's AGK\Final\link.read.1.tlog
C:\Users\lh178-03\Documents\AGK\IDE\templates\First - TRW's AGK\Final\link.write.1.tlog
C:\Users\lh178-03\Documents\AGK\IDE\templates\First - TRW's AGK\Final\mt.command.1.tlog
C:\Users\lh178-03\Documents\AGK\IDE\templates\First - TRW's AGK\Final\mt.read.1.tlog
C:\Users\lh178-03\Documents\AGK\IDE\templates\First - TRW's AGK\Final\mt.write.1.tlog
C:\USERS\LH178-03\DOCUMENTS\AGK\IDE\TEMPLATES\FIRST - TRW'S AGK\FINAL\TEMPLATE.EXE
C:\USERS\LH178-03\DOCUMENTS\AGK\IDE\TEMPLATES\FIRST - TRW'S AGK\FINAL\TEMPLATE.EXE.INTERMEDIATE.MANIFEST
C:\USERS\LH178-03\DOCUMENTS\AGK\IDE\TEMPLATES\FIRST - TRW'S AGK\FINAL\TEMPLATE.OBJ
C:\USERS\LH178-03\DOCUMENTS\AGK\IDE\TEMPLATES\FIRST - TRW'S AGK\FINAL\VC100.PDB
C:\USERS\LH178-03\DOCUMENTS\AGK\IDE\TEMPLATES\FIRST\FINAL\CORE.OBJ
C:\USERS\LH178-03\DOCUMENTS\AGK\IDE\TEMPLATES\FIRST\FINAL\TEMPLATE.EXE
C:\USERS\LH178-03\DOCUMENTS\AGK\IDE\TEMPLATES\FIRST\FINAL\TEMPLATE.EXE.INTERMEDIATE.MANIFEST
C:\USERS\LH178-03\DOCUMENTS\AGK\IDE\TEMPLATES\FIRST\FINAL\TEMPLATE.OBJ
C:\USERS\LH178-03\DOCUMENTS\AGK\IDE\TEMPLATES\FIRST\FINAL\VC100.PDB
